#
# A fatal error has been detected by the Java Runtime Environment:
#
#  EXCEPTION_ACCESS_VIOLATION (0xc0000005) at pc=0x0000000055a893b6, pid=2200, tid=5996
#
# JRE version: Java(TM) SE Runtime Environment (8.0_45-b14) (build 1.8.0_45-b14)
# Java VM: Java HotSpot(TM) 64-Bit Server VM (25.45-b02 mixed mode windows-amd64 compressed oops)
# Problematic frame:
# V  [jvm.dll+0x1093b6]
#
# Failed to write core dump. Minidumps are not enabled by default on client versions of Windows
#
# If you would like to submit a bug report, please visit:
#   http://bugreport.java.com/bugreport/crash.jsp
#

---------------  T H R E A D  ---------------

Current thread (0x000000000273a000):  GCTaskThread [stack: 0x0000000012470000,0x0000000012570000] [id=5996]

siginfo: ExceptionCode=0xc0000005, reading address 0x000000008ae6a210

Registers:
RAX=0x0000000012670000, RBX=0x000000008ae6a208, RCX=0x000000008ae6a208, RDX=0x0000000000000001
RSP=0x000000001256f980, RBP=0x00000000028080c0, RSI=0x00000000ffe4ebb4, RDI=0x000000008ae6a208
R8 =0x0000000000045351, R9 =0x00000000028080c0, R10=0x00000000000015b6, R11=0x0000000082e6a238
R12=0x00000000ffe4f010, R13=0x0000000000033c00, R14=0x00000000ffd80000, R15=0x000000000008bda4
RIP=0x0000000055a893b6, EFLAGS=0x0000000000010202

Top of Stack: (sp=0x000000001256f980)
0x000000001256f980:   0000000082e6a238 00000000028080c0
0x000000001256f990:   00000000ffe4ebb0 0000000000000003
0x000000001256f9a0:   000000008ae6a208 0000000055ab862a
0x000000001256f9b0:   0000000000000002 0000000055a92be6
0x000000001256f9c0:   0000000082e662f0 0000000055d29459
0x000000001256f9d0:   0000000000000003 0000000055b99a62
0x000000001256f9e0:   0000000000000000 000000000273a810
0x000000001256f9f0:   0000000002731c10 0000000000033a00
0x000000001256fa00:   0000000000000002 0000000055d6f88a
0x000000001256fa10:   00000000028080c0 00000000ffd80000
0x000000001256fa20:   0000000055fc4a88 0000053700000002
0x000000001256fa30:   00000ddb000014ce 00000ddc000014ce
0x000000001256fa40:   00000000ffd8480c 00000000ffd80000
0x000000001256fa50:   0000000000033a00 0000000055ab86a1
0x000000001256fa60:   000000001727cfe0 0000000b00000004
0x000000001256fa70:   000000000273a000 0000000002731c10 

Instructions: (pc=0x0000000055a893b6)
0x0000000055a89396:   cc cc cc cc cc cc cc cc cc cc 48 89 5c 24 08 57
0x0000000055a893a6:   48 83 ec 20 80 3d 30 09 6f 00 00 48 8b d9 74 15
0x0000000055a893b6:   8b 51 08 8b 0d e9 73 68 00 48 d3 e2 48 03 15 d7
0x0000000055a893c6:   73 68 00 eb 04 48 8b 51 08 48 8b cb e8 a9 49 fa 


Register to memory mapping:

RAX=0x0000000012670000 is an unknown value
RBX=0x000000008ae6a208 is an unallocated location in the heap
RCX=0x000000008ae6a208 is an unallocated location in the heap
RDX=0x0000000000000001 is an unknown value
RSP=0x000000001256f980 is an unknown value
RBP=0x00000000028080c0 is an unknown value
RSI=0x00000000ffe4ebb4 is an unknown value
RDI=0x000000008ae6a208 is an unallocated location in the heap
R8 =0x0000000000045351 is an unknown value
R9 =0x00000000028080c0 is an unknown value
R10=0x00000000000015b6 is an unknown value
R11=0x0000000082e6a238 is an oop
java.lang.String 
 - klass: 'java/lang/String'
R12=0x00000000ffe4f010 is an oop

[error occurred during error reporting (printing register info), id 0xc0000005]

Stack: [0x0000000012470000,0x0000000012570000],  sp=0x000000001256f980,  free space=1022k
Native frames: (J=compiled Java code, j=interpreted, Vv=VM code, C=native code)
V  [jvm.dll+0x1093b6]
V  [jvm.dll+0x13862a]
V  [jvm.dll+0x3ef88a]
V  [jvm.dll+0x3ed030]
V  [jvm.dll+0x3ea33e]
V  [jvm.dll+0x29853a]
C  [msvcr100.dll+0x21d9f]
C  [msvcr100.dll+0x21e3b]
C  [KERNEL32.DLL+0x8364]
C  [ntdll.dll+0x670d1]


---------------  P R O C E S S  ---------------

Java Threads: ( => current thread )
  0x000000001733e000 JavaThread "Service Thread" daemon [_thread_blocked, id=4668, stack(0x0000000018f40000,0x0000000019040000)]
  0x000000000281b000 JavaThread "C1 CompilerThread2" daemon [_thread_blocked, id=12248, stack(0x0000000018a40000,0x0000000018b40000)]
  0x0000000017308800 JavaThread "C2 CompilerThread1" daemon [_thread_blocked, id=3288, stack(0x0000000018940000,0x0000000018a40000)]
  0x0000000017306000 JavaThread "C2 CompilerThread0" daemon [_thread_blocked, id=8200, stack(0x0000000018840000,0x0000000018940000)]
  0x0000000017303800 JavaThread "Attach Listener" daemon [_thread_blocked, id=8676, stack(0x0000000018740000,0x0000000018840000)]
  0x0000000017302000 JavaThread "Signal Dispatcher" daemon [_thread_blocked, id=8100, stack(0x0000000018640000,0x0000000018740000)]
  0x00000000171f5800 JavaThread "Finalizer" daemon [_thread_blocked, id=8484, stack(0x0000000018540000,0x0000000018640000)]
  0x00000000171ec800 JavaThread "Reference Handler" daemon [_thread_blocked, id=2560, stack(0x0000000018440000,0x0000000018540000)]
  0x000000000261d800 JavaThread "main" [_thread_blocked, id=8320, stack(0x0000000002620000,0x0000000002720000)]

Other Threads:
  0x00000000172df000 VMThread [stack: 0x0000000018340000,0x0000000018440000] [id=6468]
  0x0000000018b91000 WatcherThread [stack: 0x0000000019040000,0x0000000019140000] [id=4412]

=>0x000000000273a000 (exited) GCTaskThread [stack: 0x0000000012470000,0x0000000012570000] [id=5996]

VM state:at safepoint (normal execution)

VM Mutex/Monitor currently owned by a thread:  ([mutex/lock_event])
[0x000000000261cba0] Threads_lock - owner thread: 0x00000000172df000
[0x000000000261cda0] Heap_lock - owner thread: 0x000000000261d800

Heap:
 PSYoungGen      total 684032K, used 2269K [0x00000000d6180000, 0x0000000100000000, 0x0000000100000000)
  eden space 681472K, 0% used [0x00000000d6180000,0x00000000d6180000,0x00000000ffb00000)
  from space 2560K, 88% used [0x00000000ffd80000,0x00000000fffb76a0,0x0000000100000000)
  to   space 2560K, 0% used [0x00000000ffb00000,0x00000000ffb00000,0x00000000ffd80000)
 ParOldGen       total 69120K, used 67101K [0x0000000082400000, 0x0000000086780000, 0x00000000d6180000)
  object space 69120K, 97% used [0x0000000082400000,0x0000000086587770,0x0000000086780000)
 Metaspace       used 5746K, capacity 5876K, committed 6016K, reserved 1056768K
  class space    used 732K, capacity 780K, committed 896K, reserved 1048576K

Card table byte_map: [0x0000000011be0000,0x0000000011fd0000] byte_map_base: 0x00000000117ce000

Marking Bits: (ParMarkBitMap*) 0x0000000056184040
 Begin Bits: [0x0000000012670000, 0x00000000145e0000)
 End Bits:   [0x00000000145e0000, 0x0000000016550000)

Polling page: 0x0000000002490000

CodeCache: size=245760Kb used=2135Kb max_used=2148Kb free=243624Kb
 bounds [0x0000000002820000, 0x0000000002a90000, 0x0000000011820000]
 total_blobs=650 nmethods=388 adapters=175
 compilation: enabled

Compilation events (10 events):
Event: 42.025 Thread 0x0000000017306000  384       4       scala.collection.immutable.Range::foreach$mVc$sp (39 bytes)
Event: 42.038 Thread 0x0000000017308800  385   !   4       TiedostonLukeminen::TiedostonLukeminen$$tarkistaSoinnunVirheet$1 (452 bytes)
Event: 42.079 Thread 0x0000000017306000 nmethod 384 0x0000000002a2b490 code [0x0000000002a2b700, 0x0000000002a2c530]
Event: 42.079 Thread 0x0000000017306000  386       4       scala.collection.IndexedSeqOptimized$class::last (34 bytes)
Event: 42.082 Thread 0x0000000017306000 nmethod 386 0x0000000002a1f550 code [0x0000000002a1f6a0, 0x0000000002a1f7d8]
Event: 42.137 Thread 0x0000000017308800 nmethod 385 0x0000000002a39d10 code [0x0000000002a39f20, 0x0000000002a3af80]
Event: 54.091 Thread 0x0000000017306000  387       4       scala.collection.AbstractSeq::size (5 bytes)
Event: 54.093 Thread 0x0000000017306000 nmethod 387 0x0000000002a262d0 code [0x0000000002a26400, 0x0000000002a26478]
Event: 54.210 Thread 0x0000000017308800  388   !   4       TiedostonLukeminen::tarkistaVirheetForLoop$1 (67 bytes)
Event: 54.224 Thread 0x0000000017308800 nmethod 388 0x0000000002a25990 code [0x0000000002a25b20, 0x0000000002a25ea8]

GC Heap History (10 events):
Event: 478.430 GC heap after
Heap after GC invocations=1423 (full 3):
 PSYoungGen      total 683520K, used 2264K [0x00000000d6180000, 0x0000000100000000, 0x0000000100000000)
  eden space 680448K, 0% used [0x00000000d6180000,0x00000000d6180000,0x00000000ffa00000)
  from space 3072K, 73% used [0x00000000ffd00000,0x00000000fff363c0,0x0000000100000000)
  to   space 3072K, 0% used [0x00000000ffa00000,0x00000000ffa00000,0x00000000ffd00000)
 ParOldGen       total 69120K, used 62547K [0x0000000082400000, 0x0000000086780000, 0x00000000d6180000)
  object space 69120K, 90% used [0x0000000082400000,0x0000000086114ee8,0x0000000086780000)
 Metaspace       used 5746K, capacity 5876K, committed 6016K, reserved 1056768K
  class space    used 732K, capacity 780K, committed 896K, reserved 1048576K
}
Event: 478.962 GC heap before
{Heap before GC invocations=1424 (full 3):
 PSYoungGen      total 683520K, used 682712K [0x00000000d6180000, 0x0000000100000000, 0x0000000100000000)
  eden space 680448K, 100% used [0x00000000d6180000,0x00000000ffa00000,0x00000000ffa00000)
  from space 3072K, 73% used [0x00000000ffd00000,0x00000000fff363c0,0x0000000100000000)
  to   space 3072K, 0% used [0x00000000ffa00000,0x00000000ffa00000,0x00000000ffd00000)
 ParOldGen       total 69120K, used 62547K [0x0000000082400000, 0x0000000086780000, 0x00000000d6180000)
  object space 69120K, 90% used [0x0000000082400000,0x0000000086114ee8,0x0000000086780000)
 Metaspace       used 5746K, capacity 5876K, committed 6016K, reserved 1056768K
  class space    used 732K, capacity 780K, committed 896K, reserved 1048576K
Event: 478.966 GC heap after
Heap after GC invocations=1424 (full 3):
 PSYoungGen      total 683520K, used 2266K [0x00000000d6180000, 0x0000000100000000, 0x0000000100000000)
  eden space 680448K, 0% used [0x00000000d6180000,0x00000000d6180000,0x00000000ffa00000)
  from space 3072K, 73% used [0x00000000ffa00000,0x00000000ffc36878,0x00000000ffd00000)
  to   space 3072K, 0% used [0x00000000ffd00000,0x00000000ffd00000,0x0000000100000000)
 ParOldGen       total 69120K, used 62571K [0x0000000082400000, 0x0000000086780000, 0x00000000d6180000)
  object space 69120K, 90% used [0x0000000082400000,0x000000008611aee8,0x0000000086780000)
 Metaspace       used 5746K, capacity 5876K, committed 6016K, reserved 1056768K
  class space    used 732K, capacity 780K, committed 896K, reserved 1048576K
}
Event: 479.451 GC heap before
{Heap before GC invocations=1425 (full 3):
 PSYoungGen      total 683520K, used 682714K [0x00000000d6180000, 0x0000000100000000, 0x0000000100000000)
  eden space 680448K, 100% used [0x00000000d6180000,0x00000000ffa00000,0x00000000ffa00000)
  from space 3072K, 73% used [0x00000000ffa00000,0x00000000ffc36878,0x00000000ffd00000)
  to   space 3072K, 0% used [0x00000000ffd00000,0x00000000ffd00000,0x0000000100000000)
 ParOldGen       total 69120K, used 62571K [0x0000000082400000, 0x0000000086780000, 0x00000000d6180000)
  object space 69120K, 90% used [0x0000000082400000,0x000000008611aee8,0x0000000086780000)
 Metaspace       used 5746K, capacity 5876K, committed 6016K, reserved 1056768K
  class space    used 732K, capacity 780K, committed 896K, reserved 1048576K
Event: 479.454 GC heap after
Heap after GC invocations=1425 (full 3):
 PSYoungGen      total 683008K, used 2267K [0x00000000d6180000, 0x00000000fff80000, 0x0000000100000000)
  eden space 680448K, 0% used [0x00000000d6180000,0x00000000d6180000,0x00000000ffa00000)
  from space 2560K, 88% used [0x00000000ffd00000,0x00000000fff36d30,0x00000000fff80000)
  to   space 2560K, 0% used [0x00000000ffa80000,0x00000000ffa80000,0x00000000ffd00000)
 ParOldGen       total 69120K, used 62587K [0x0000000082400000, 0x0000000086780000, 0x00000000d6180000)
  object space 69120K, 90% used [0x0000000082400000,0x000000008611eee8,0x0000000086780000)
 Metaspace       used 5746K, capacity 5876K, committed 6016K, reserved 1056768K
  class space    used 732K, capacity 780K, committed 896K, reserved 1048576K
}
Event: 479.933 GC heap before
{Heap before GC invocations=1426 (full 3):
 PSYoungGen      total 683008K, used 682715K [0x00000000d6180000, 0x00000000fff80000, 0x0000000100000000)
  eden space 680448K, 100% used [0x00000000d6180000,0x00000000ffa00000,0x00000000ffa00000)
  from space 2560K, 88% used [0x00000000ffd00000,0x00000000fff36d30,0x00000000fff80000)
  to   space 2560K, 0% used [0x00000000ffa80000,0x00000000ffa80000,0x00000000ffd00000)
 ParOldGen       total 69120K, used 62587K [0x0000000082400000, 0x0000000086780000, 0x00000000d6180000)
  object space 69120K, 90% used [0x0000000082400000,0x000000008611eee8,0x0000000086780000)
 Metaspace       used 5746K, capacity 5876K, committed 6016K, reserved 1056768K
  class space    used 732K, capacity 780K, committed 896K, reserved 1048576K
Event: 479.941 GC heap after
Heap after GC invocations=1426 (full 3):
 PSYoungGen      total 683520K, used 2268K [0x00000000d6180000, 0x0000000100000000, 0x0000000100000000)
  eden space 680960K, 0% used [0x00000000d6180000,0x00000000d6180000,0x00000000ffa80000)
  from space 2560K, 88% used [0x00000000ffa80000,0x00000000ffcb71e8,0x00000000ffd00000)
  to   space 2560K, 0% used [0x00000000ffd80000,0x00000000ffd80000,0x0000000100000000)
 ParOldGen       total 69120K, used 64840K [0x0000000082400000, 0x0000000086780000, 0x00000000d6180000)
  object space 69120K, 93% used [0x0000000082400000,0x00000000863520d0,0x0000000086780000)
 Metaspace       used 5746K, capacity 5876K, committed 6016K, reserved 1056768K
  class space    used 732K, capacity 780K, committed 896K, reserved 1048576K
}
Event: 480.406 GC heap before
{Heap before GC invocations=1427 (full 3):
 PSYoungGen      total 683520K, used 683228K [0x00000000d6180000, 0x0000000100000000, 0x0000000100000000)
  eden space 680960K, 100% used [0x00000000d6180000,0x00000000ffa80000,0x00000000ffa80000)
  from space 2560K, 88% used [0x00000000ffa80000,0x00000000ffcb71e8,0x00000000ffd00000)
  to   space 2560K, 0% used [0x00000000ffd80000,0x00000000ffd80000,0x0000000100000000)
 ParOldGen       total 69120K, used 64840K [0x0000000082400000, 0x0000000086780000, 0x00000000d6180000)
  object space 69120K, 93% used [0x0000000082400000,0x00000000863520d0,0x0000000086780000)
 Metaspace       used 5746K, capacity 5876K, committed 6016K, reserved 1056768K
  class space    used 732K, capacity 780K, committed 896K, reserved 1048576K
Event: 480.412 GC heap after
Heap after GC invocations=1427 (full 3):
 PSYoungGen      total 684032K, used 2269K [0x00000000d6180000, 0x0000000100000000, 0x0000000100000000)
  eden space 681472K, 0% used [0x00000000d6180000,0x00000000d6180000,0x00000000ffb00000)
  from space 2560K, 88% used [0x00000000ffd80000,0x00000000fffb76a0,0x0000000100000000)
  to   space 2560K, 0% used [0x00000000ffb00000,0x00000000ffb00000,0x00000000ffd80000)
 ParOldGen       total 69120K, used 67101K [0x0000000082400000, 0x0000000086780000, 0x00000000d6180000)
  object space 69120K, 97% used [0x0000000082400000,0x0000000086587770,0x0000000086780000)
 Metaspace       used 5746K, capacity 5876K, committed 6016K, reserved 1056768K
  class space    used 732K, capacity 780K, committed 896K, reserved 1048576K
}
Event: 480.412 GC heap before
{Heap before GC invocations=1428 (full 4):
 PSYoungGen      total 684032K, used 2269K [0x00000000d6180000, 0x0000000100000000, 0x0000000100000000)
  eden space 681472K, 0% used [0x00000000d6180000,0x00000000d6180000,0x00000000ffb00000)
  from space 2560K, 88% used [0x00000000ffd80000,0x00000000fffb76a0,0x0000000100000000)
  to   space 2560K, 0% used [0x00000000ffb00000,0x00000000ffb00000,0x00000000ffd80000)
 ParOldGen       total 69120K, used 67101K [0x0000000082400000, 0x0000000086780000, 0x00000000d6180000)
  object space 69120K, 97% used [0x0000000082400000,0x0000000086587770,0x0000000086780000)
 Metaspace       used 5746K, capacity 5876K, committed 6016K, reserved 1056768K
  class space    used 732K, capacity 780K, committed 896K, reserved 1048576K

Deoptimization events (5 events):
Event: 41.293 Thread 0x000000000261d800 Uncommon trap: reason=predicate action=maybe_recompile pc=0x0000000002a1ffe4 method=java.util.AbstractCollection.toArray([Ljava/lang/Object;)[Ljava/lang/Object; @ 49
Event: 41.328 Thread 0x000000000261d800 Uncommon trap: reason=array_check action=maybe_recompile pc=0x0000000002a26aec method=java.util.AbstractCollection.toArray([Ljava/lang/Object;)[Ljava/lang/Object; @ 119
Event: 41.329 Thread 0x000000000261d800 Uncommon trap: reason=array_check action=maybe_recompile pc=0x0000000002a26aec method=java.util.AbstractCollection.toArray([Ljava/lang/Object;)[Ljava/lang/Object; @ 119
Event: 41.329 Thread 0x000000000261d800 Uncommon trap: reason=array_check action=maybe_recompile pc=0x0000000002a26aec method=java.util.AbstractCollection.toArray([Ljava/lang/Object;)[Ljava/lang/Object; @ 119
Event: 41.330 Thread 0x000000000261d800 Uncommon trap: reason=array_check action=maybe_recompile pc=0x0000000002a26aec method=java.util.AbstractCollection.toArray([Ljava/lang/Object;)[Ljava/lang/Object; @ 119

Internal exceptions (6 events):
Event: 0.091 Thread 0x000000000261d800 Exception <a 'java/lang/NoSuchMethodError': Method sun.misc.Unsafe.defineClass(Ljava/lang/String;[BII)Ljava/lang/Class; name or signature does not match> (0x00000000d618d5f0) thrown at [C:\re\workspace\8-2-build-windows-amd64-cygwin\jdk8u45\3457\hotspot\sr‹Ø—¿<W∑?
Event: 0.091 Thread 0x000000000261d800 Exception <a 'java/lang/NoSuchMethodError': Method sun.misc.Unsafe.prefetchRead(Ljava/lang/Object;J)V name or signature does not match> (0x00000000d618d880) thrown at [C:\re\workspace\8-2-build-windows-amd64-cygwin\jdk8u45\3457\hotspot\src\share\vm\prims\jä ˝Dåﬁ?
Event: 0.477 Thread 0x000000000261d800 Exception <a 'java/security/PrivilegedActionException'> (0x00000000d63d47f8) thrown at [C:\re\workspace\8-2-build-windows-amd64-cygwin\jdk8u45\3457\hotspot\src\share\vm\prims\jvm.cpp, line 1382]
Event: 0.477 Thread 0x000000000261d800 Exception <a 'java/security/PrivilegedActionException'> (0x00000000d63d4b40) thrown at [C:\re\workspace\8-2-build-windows-amd64-cygwin\jdk8u45\3457\hotspot\src\share\vm\prims\jvm.cpp, line 1382]
Event: 0.480 Thread 0x000000000261d800 Exception <a 'java/security/PrivilegedActionException'> (0x00000000d63d8958) thrown at [C:\re\workspace\8-2-build-windows-amd64-cygwin\jdk8u45\3457\hotspot\src\share\vm\prims\jvm.cpp, line 1382]
Event: 0.480 Thread 0x000000000261d800 Exception <a 'java/security/PrivilegedActionException'> (0x00000000d63d8ca0) thrown at [C:\re\workspace\8-2-build-windows-amd64-cygwin\jdk8u45\3457\hotspot\src\share\vm\prims\jvm.cpp, line 1382]

Events (10 events):
Event: 477.954 Executing VM operation: ParallelGCFailedAllocation done
Event: 478.427 Executing VM operation: ParallelGCFailedAllocation
Event: 478.431 Executing VM operation: ParallelGCFailedAllocation done
Event: 478.962 Executing VM operation: ParallelGCFailedAllocation
Event: 478.966 Executing VM operation: ParallelGCFailedAllocation done
Event: 479.451 Executing VM operation: ParallelGCFailedAllocation
Event: 479.455 Executing VM operation: ParallelGCFailedAllocation done
Event: 479.933 Executing VM operation: ParallelGCFailedAllocation
Event: 479.941 Executing VM operation: ParallelGCFailedAllocation done
Event: 480.406 Executing VM operation: ParallelGCFailedAllocation


Dynamic libraries:
0x00007ff6f6390000 - 0x00007ff6f63c7000 	C:\Program Files\Java\jre1.8.0_45\bin\javaw.exe
0x00007ffab1380000 - 0x00007ffab1551000 	C:\WINDOWS\SYSTEM32\ntdll.dll
0x00007ffaae920000 - 0x00007ffaae9cb000 	C:\WINDOWS\System32\KERNEL32.DLL
0x00007ffaada80000 - 0x00007ffaadc9d000 	C:\WINDOWS\System32\KERNELBASE.dll
0x00007ffab11e0000 - 0x00007ffab1282000 	C:\WINDOWS\System32\ADVAPI32.dll
0x00007ffab12e0000 - 0x00007ffab137e000 	C:\WINDOWS\System32\msvcrt.dll
0x00007ffab0970000 - 0x00007ffab09c9000 	C:\WINDOWS\System32\sechost.dll
0x00007ffab0b30000 - 0x00007ffab0c51000 	C:\WINDOWS\System32\RPCRT4.dll
0x00007ffab0240000 - 0x00007ffab03a5000 	C:\WINDOWS\System32\USER32.dll
0x00007ffaadca0000 - 0x00007ffaadcbe000 	C:\WINDOWS\System32\win32u.dll
0x00007ffab1290000 - 0x00007ffab12c4000 	C:\WINDOWS\System32\GDI32.dll
0x00007ffaad8f0000 - 0x00007ffaada72000 	C:\WINDOWS\System32\gdi32full.dll
0x00007ffaa5a60000 - 0x00007ffaa5cd9000 	C:\WINDOWS\WinSxS\amd64_microsoft.windows.common-controls_6595b64144ccf1df_6.0.14393.447_none_42191651c6827bb3\COMCTL32.dll
0x00007ffab0da0000 - 0x00007ffab1068000 	C:\WINDOWS\System32\combase.dll
0x00007ffaae620000 - 0x00007ffaae715000 	C:\WINDOWS\System32\ucrtbase.dll
0x00007ffaadcc0000 - 0x00007ffaadd2a000 	C:\WINDOWS\System32\bcryptPrimitives.dll
0x00007ffaae8f0000 - 0x00007ffaae91e000 	C:\WINDOWS\System32\IMM32.DLL
0x00007ffaad6d0000 - 0x00007ffaad700000 	C:\WINDOWS\system32\DriverStore\FileRepository\nvacwu.inf_amd64_bdd6ea477d4e2fba\nvinitx.dll
0x00007ffaad6c0000 - 0x00007ffaad6ca000 	C:\WINDOWS\SYSTEM32\VERSION.dll
0x00007ffaae9d0000 - 0x00007ffaafed9000 	C:\WINDOWS\System32\Shell32.dll
0x00007ffaade90000 - 0x00007ffaaded2000 	C:\WINDOWS\System32\cfgmgr32.dll
0x00007ffaadf40000 - 0x00007ffaae61a000 	C:\WINDOWS\System32\windows.storage.dll
0x00007ffaad7d0000 - 0x00007ffaad81c000 	C:\WINDOWS\System32\powrprof.dll
0x00007ffab0d40000 - 0x00007ffab0d92000 	C:\WINDOWS\System32\shlwapi.dll
0x00007ffaad7c0000 - 0x00007ffaad7cf000 	C:\WINDOWS\System32\kernel.appcore.dll
0x00007ffaadde0000 - 0x00007ffaade89000 	C:\WINDOWS\System32\shcore.dll
0x00007ffaad820000 - 0x00007ffaad834000 	C:\WINDOWS\System32\profapi.dll
0x0000000057c00000 - 0x0000000057c06000 	C:\Program Files\NVIDIA Corporation\CoProcManager\_etoured.dll
0x00007ffaad3c0000 - 0x00007ffaad3fb000 	C:\Program Files\NVIDIA Corporation\CoProcManager\nvd3d9wrapx.dll
0x00007ffab04c0000 - 0x00007ffab08e9000 	C:\WINDOWS\System32\SETUPAPI.dll
0x00007ffaad390000 - 0x00007ffaad3b4000 	C:\Program Files\NVIDIA Corporation\CoProcManager\nvdxgiwrapx.dll
0x00000000558a0000 - 0x0000000055972000 	C:\Program Files\Java\jre1.8.0_45\bin\msvcr100.dll
0x0000000055980000 - 0x0000000056203000 	C:\Program Files\Java\jre1.8.0_45\bin\server\jvm.dll
0x00007ffab11d0000 - 0x00007ffab11d8000 	C:\WINDOWS\System32\PSAPI.DLL
0x00007ffaab060000 - 0x00007ffaab083000 	C:\WINDOWS\SYSTEM32\WINMM.dll
0x00007ffaa2e30000 - 0x00007ffaa2e39000 	C:\WINDOWS\SYSTEM32\WSOCK32.dll
0x00007ffab0c60000 - 0x00007ffab0cca000 	C:\WINDOWS\System32\WS2_32.dll
0x00007ffaaaa10000 - 0x00007ffaaaa3b000 	C:\WINDOWS\SYSTEM32\WINMMBASE.dll
0x00000000573c0000 - 0x00000000573cf000 	C:\Program Files\Java\jre1.8.0_45\bin\verify.dll
0x0000000057390000 - 0x00000000573b9000 	C:\Program Files\Java\jre1.8.0_45\bin\java.dll
0x0000000057370000 - 0x0000000057386000 	C:\Program Files\Java\jre1.8.0_45\bin\zip.dll
0x00007ffaad190000 - 0x00007ffaad322000 	C:\WINDOWS\SYSTEM32\dbghelp.dll

VM Arguments:
jvm_args: -Dfile.encoding=UTF-8 -Xbootclasspath/p:C:\Program Files (x86)\eclipse\plugins\org.scala-lang.scala-library_2.11.8.v20160304-115712-1706a37eb8.jar;C:\Program Files (x86)\eclipse\plugins\org.scala-lang.scala-reflect_2.11.8.v20160304-115712-1706a37eb8.jar 
java_command: test
java_class_path (initial): C:\Users\Niina S\workspace\Nuottipiirturi\bin
Launcher Type: SUN_STANDARD

Environment Variables:
PATH=C:/Program Files/Java/jre1.8.0_45/bin/server;C:/Program Files/Java/jre1.8.0_45/bin;C:/Program Files/Java/jre1.8.0_45/lib/amd64;C:\Program Files (x86)\Common Files\Intel\Shared Libraries\redist\intel64\compiler;C:\Program Files (x86)\Common Files\Intel\Shared Libraries\redist\ia32\compiler;C:\ProgramData\Oracle\Java\javapath;C:\Ruby200\bin;C:\Program Files (x86)\NVIDIA Corporation\PhysX\Common;C:\Program Files\Common Files\Microsoft Shared\Windows Live;C:\Program Files (x86)\Common Files\Microsoft Shared\Windows Live;C:\WINDOWS\system32;C:\WINDOWS;C:\WINDOWS\System32\Wbem;C:\WINDOWS\System32\WindowsPowerShell\v1.0\;C:\Program Files (x86)\Windows Live\Shared;C:\Program Files (x86)\EgisTec MyWinLocker\x64;C:\Program Files (x86)\EgisTec MyWinLocker\;C:\Program Files (x86)\Skype\Phone\;C:\Program Files\Git\cmd;C:\Program Files (x86)\Common Files\Shoes;C:\Users\Niina S\AppData\Local\Microsoft\WindowsApps;;C:\Program Files (x86)\eclipse;
USERNAME=Niina S
OS=Windows_NT
PROCESSOR_IDENTIFIER=Intel64 Family 6 Model 42 Stepping 7, GenuineIntel



---------------  S Y S T E M  ---------------

OS: Windows 10.0 , 64 bit Build 14393 (10.0.14393.0)

CPU:total 4 (2 cores per cpu, 2 threads per core) family 6 model 42 stepping 7, cmov, cx8, fxsr, mmx, sse, sse2, sse3, ssse3, sse4.1, sse4.2, popcnt, avx, aes, clmul, ht, tsc, tscinvbit

Memory: 4k page, physical 8236908k(2808700k free), swap 29208428k(22745252k free)

vm_info: Java HotSpot(TM) 64-Bit Server VM (25.45-b02) for windows-amd64 JRE (1.8.0_45-b14), built on Apr 10 2015 10:34:15 by "java_re" with MS VC++ 10.0 (VS2010)

time: Fri Mar 10 13:17:51 2017
elapsed time: 480 seconds (0d 0h 8m 0s)

