#
# A fatal error has been detected by the Java Runtime Environment:
#
#  EXCEPTION_ACCESS_VIOLATION (0xc0000005) at pc=0x0000000055a893b6, pid=11432, tid=6004
#
# JRE version: Java(TM) SE Runtime Environment (8.0_45-b14) (build 1.8.0_45-b14)
# Java VM: Java HotSpot(TM) 64-Bit Server VM (25.45-b02 mixed mode windows-amd64 compressed oops)
# Problematic frame:
# V  [jvm.dll+0x1093b6]
#
# Failed to write core dump. Minidumps are not enabled by default on client versions of Windows
#
# If you would like to submit a bug report, please visit:
#   http://bugreport.java.com/bugreport/crash.jsp
#

---------------  T H R E A D  ---------------

Current thread (0x0000000002e07000):  GCTaskThread [stack: 0x0000000012950000,0x0000000012a50000] [id=6004]

siginfo: ExceptionCode=0xc0000005, reading address 0x000000008a63fe60

Registers:
RAX=0x0000000012d50000, RBX=0x000000008a63fe58, RCX=0x000000008a63fe58, RDX=0x000000000000000b
RSP=0x0000000012a4f790, RBP=0x00000000178ca350, RSI=0x00000000ff51a86c, RDI=0x000000008a63fe58
R8 =0x00000000000411ff, R9 =0x00000000178ca350, R10=0x00000000000000fd, R11=0x000000008263fe88
R12=0x00000000ff51b010, R13=0x0000000000006c00, R14=0x00000000ff500000, R15=0x000000000009a7aa
RIP=0x0000000055a893b6, EFLAGS=0x0000000000010202

Top of Stack: (sp=0x0000000012a4f790)
0x0000000012a4f790:   000000008263fe88 00000000178ca350
0x0000000012a4f7a0:   00000000ff51a868 0000000000000003
0x0000000012a4f7b0:   000000008a63fe58 0000000055ab862a
0x0000000012a4f7c0:   0000000000000000 0000000055a92be6
0x0000000012a4f7d0:   00000000825e5960 0000000055d29459
0x0000000012a4f7e0:   0000000000000003 0000000055b99a62
0x0000000012a4f7f0:   0000000000000000 00000000000003d8
0x0000000012a4f800:   0000000002e07a18 0000000000006a00
0x0000000012a4f810:   0000000000000000 0000000055d6f88a
0x0000000012a4f820:   00000000178ca350 00000000ff500000
0x0000000012a4f830:   0000000002e07640 0000003400000000
0x0000000012a4f840:   0000006e000000e7 0000006f000000e7
0x0000000012a4f850:   0000000000000000 00000000ff500000
0x0000000012a4f860:   0000000000006a00 0000000002efd800
0x0000000012a4f870:   0000000002e07601 0000000002e07601
0x0000000012a4f880:   0000998d1ae666e5 0000000002e07a18 

Instructions: (pc=0x0000000055a893b6)
0x0000000055a89396:   cc cc cc cc cc cc cc cc cc cc 48 89 5c 24 08 57
0x0000000055a893a6:   48 83 ec 20 80 3d 30 09 6f 00 00 48 8b d9 74 15
0x0000000055a893b6:   8b 51 08 8b 0d e9 73 68 00 48 d3 e2 48 03 15 d7
0x0000000055a893c6:   73 68 00 eb 04 48 8b 51 08 48 8b cb e8 a9 49 fa 


Register to memory mapping:

RAX=0x0000000012d50000 is an unknown value
RBX=0x000000008a63fe58 is an unallocated location in the heap
RCX=0x000000008a63fe58 is an unallocated location in the heap
RDX=0x000000000000000b is an unknown value
RSP=0x0000000012a4f790 is an unknown value
RBP=0x00000000178ca350 is an unknown value
RSI=0x00000000ff51a86c is an unknown value
RDI=0x000000008a63fe58 is an unallocated location in the heap
R8 =0x00000000000411ff is an unknown value
R9 =0x00000000178ca350 is an unknown value
R10=0x00000000000000fd is an unknown value
R11=0x000000008263fe88 is an oop
java.lang.String 
 - klass: 'java/lang/String'
R12=0x00000000ff51b010 is an oop

[error occurred during error reporting (printing register info), id 0xc0000005]

Stack: [0x0000000012950000,0x0000000012a50000],  sp=0x0000000012a4f790,  free space=1021k
Native frames: (J=compiled Java code, j=interpreted, Vv=VM code, C=native code)
V  [jvm.dll+0x1093b6]
V  [jvm.dll+0x13862a]
V  [jvm.dll+0x3ef88a]
V  [jvm.dll+0x3ec4d3]
V  [jvm.dll+0x3ea33e]
V  [jvm.dll+0x29853a]
C  [msvcr100.dll+0x21d9f]
C  [msvcr100.dll+0x21e3b]
C  [KERNEL32.DLL+0x8364]
C  [ntdll.dll+0x670d1]


---------------  P R O C E S S  ---------------

Java Threads: ( => current thread )
  0x000000001904b000 JavaThread "Service Thread" daemon [_thread_blocked, id=3660, stack(0x0000000019620000,0x0000000019720000)]
  0x0000000019045000 JavaThread "C1 CompilerThread2" daemon [_thread_blocked, id=9780, stack(0x0000000019520000,0x0000000019620000)]
  0x0000000019032800 JavaThread "C2 CompilerThread1" daemon [_thread_blocked, id=10324, stack(0x0000000019420000,0x0000000019520000)]
  0x00000000179e6000 JavaThread "C2 CompilerThread0" daemon [_thread_blocked, id=7044, stack(0x0000000018f20000,0x0000000019020000)]
  0x00000000179e3800 JavaThread "Attach Listener" daemon [_thread_blocked, id=1208, stack(0x0000000018e20000,0x0000000018f20000)]
  0x00000000179e2000 JavaThread "Signal Dispatcher" daemon [_thread_blocked, id=6772, stack(0x0000000018d20000,0x0000000018e20000)]
  0x00000000178d5800 JavaThread "Finalizer" daemon [_thread_blocked, id=996, stack(0x0000000018c20000,0x0000000018d20000)]
  0x00000000178cc800 JavaThread "Reference Handler" daemon [_thread_blocked, id=9496, stack(0x0000000018b20000,0x0000000018c20000)]
  0x0000000002efd800 JavaThread "main" [_thread_blocked, id=9896, stack(0x0000000002ce0000,0x0000000002de0000)]

Other Threads:
  0x00000000179bf000 VMThread [stack: 0x0000000018a20000,0x0000000018b20000] [id=10156]
  0x000000001904c800 WatcherThread [stack: 0x0000000019720000,0x0000000019820000] [id=8104]

=>0x0000000002e07000 (exited) GCTaskThread [stack: 0x0000000012950000,0x0000000012a50000] [id=6004]

VM state:at safepoint (normal execution)

VM Mutex/Monitor currently owned by a thread:  ([mutex/lock_event])
[0x0000000002efca20] Threads_lock - owner thread: 0x00000000179bf000
[0x0000000002efce20] Heap_lock - owner thread: 0x0000000002efd800

Heap:
 PSYoungGen      total 680960K, used 5007K [0x00000000d6180000, 0x0000000100000000, 0x0000000100000000)
  eden space 675328K, 0% used [0x00000000d6180000,0x00000000d6180000,0x00000000ff500000)
  from space 5632K, 88% used [0x00000000ff500000,0x00000000ff9e3d70,0x00000000ffa80000)
  to   space 5632K, 0% used [0x00000000ffa80000,0x00000000ffa80000,0x0000000100000000)
 ParOldGen       total 86016K, used 86002K [0x0000000082400000, 0x0000000087800000, 0x00000000d6180000)
  object space 86016K, 99% used [0x0000000082400000,0x00000000877fca70,0x0000000087800000)
 Metaspace       used 5754K, capacity 5876K, committed 6016K, reserved 1056768K
  class space    used 732K, capacity 780K, committed 896K, reserved 1048576K

Card table byte_map: [0x00000000122c0000,0x00000000126b0000] byte_map_base: 0x0000000011eae000

Marking Bits: (ParMarkBitMap*) 0x0000000056184040
 Begin Bits: [0x0000000012d50000, 0x0000000014cc0000)
 End Bits:   [0x0000000014cc0000, 0x0000000016c30000)

Polling page: 0x00000000011f0000

CodeCache: size=245760Kb used=2168Kb max_used=2173Kb free=243592Kb
 bounds [0x0000000002f00000, 0x0000000003170000, 0x0000000011f00000]
 total_blobs=662 nmethods=400 adapters=175
 compilation: enabled

Compilation events (10 events):
Event: 25.152 Thread 0x00000000179e6000  396       4       scala.collection.immutable.Range::foreach$mVc$sp (39 bytes)
Event: 25.241 Thread 0x00000000179e6000 nmethod 396 0x00000000031198d0 code [0x0000000003119b40, 0x000000000311a990]
Event: 29.662 Thread 0x0000000019045000  397       3       scala.collection.AbstractSeq::size (5 bytes)
Event: 29.662 Thread 0x0000000019045000 nmethod 397 0x00000000031035d0 code [0x0000000003103740, 0x00000000031039a8]
Event: 29.662 Thread 0x0000000019045000  398       3       scala.collection.mutable.ArrayBuffer::length (5 bytes)
Event: 29.663 Thread 0x0000000019045000 nmethod 398 0x00000000031031d0 code [0x0000000003103340, 0x0000000003103510]
Event: 31.109 Thread 0x0000000019045000  399   !   3       TiedostonLukeminen::tarkistaVirheetForLoop$1 (67 bytes)
Event: 31.112 Thread 0x0000000019045000 nmethod 399 0x0000000003118410 code [0x0000000003118620, 0x0000000003119258]
Event: 31.112 Thread 0x0000000019045000  400       3       TiedostonLukeminen$$anonfun$tarkistaVirheetForLoop$1$1::<init> (32 bytes)
Event: 31.113 Thread 0x0000000019045000 nmethod 400 0x0000000003102a90 code [0x0000000003102c20, 0x0000000003102ff0]

GC Heap History (10 events):
Event: 1537.564 GC heap after
Heap after GC invocations=1213 (full 0):
 PSYoungGen      total 680960K, used 4998K [0x00000000d6180000, 0x0000000100000000, 0x0000000100000000)
  eden space 675328K, 0% used [0x00000000d6180000,0x00000000d6180000,0x00000000ff500000)
  from space 5632K, 88% used [0x00000000ff500000,0x00000000ff9e1b60,0x00000000ffa80000)
  to   space 5632K, 0% used [0x00000000ffa80000,0x00000000ffa80000,0x0000000100000000)
 ParOldGen       total 86016K, used 85938K [0x0000000082400000, 0x0000000087800000, 0x00000000d6180000)
  object space 86016K, 99% used [0x0000000082400000,0x00000000877eca70,0x0000000087800000)
 Metaspace       used 5754K, capacity 5876K, committed 6016K, reserved 1056768K
  class space    used 732K, capacity 780K, committed 896K, reserved 1048576K
}
Event: 1539.640 GC heap before
{Heap before GC invocations=1214 (full 0):
 PSYoungGen      total 680960K, used 679905K [0x00000000d6180000, 0x0000000100000000, 0x0000000100000000)
  eden space 675328K, 99% used [0x00000000d6180000,0x00000000ff496958,0x00000000ff500000)
  from space 5632K, 88% used [0x00000000ff500000,0x00000000ff9e1b60,0x00000000ffa80000)
  to   space 5632K, 0% used [0x00000000ffa80000,0x00000000ffa80000,0x0000000100000000)
 ParOldGen       total 86016K, used 85938K [0x0000000082400000, 0x0000000087800000, 0x00000000d6180000)
  object space 86016K, 99% used [0x0000000082400000,0x00000000877eca70,0x0000000087800000)
 Metaspace       used 5754K, capacity 5876K, committed 6016K, reserved 1056768K
  class space    used 732K, capacity 780K, committed 896K, reserved 1048576K
Event: 1539.710 GC heap after
Heap after GC invocations=1214 (full 0):
 PSYoungGen      total 680960K, used 4968K [0x00000000d6180000, 0x0000000100000000, 0x0000000100000000)
  eden space 675328K, 0% used [0x00000000d6180000,0x00000000d6180000,0x00000000ff500000)
  from space 5632K, 88% used [0x00000000ffa80000,0x00000000fff5a3f0,0x0000000100000000)
  to   space 5632K, 0% used [0x00000000ff500000,0x00000000ff500000,0x00000000ffa80000)
 ParOldGen       total 86016K, used 85954K [0x0000000082400000, 0x0000000087800000, 0x00000000d6180000)
  object space 86016K, 99% used [0x0000000082400000,0x00000000877f0a70,0x0000000087800000)
 Metaspace       used 5754K, capacity 5876K, committed 6016K, reserved 1056768K
  class space    used 732K, capacity 780K, committed 896K, reserved 1048576K
}
Event: 1541.633 GC heap before
{Heap before GC invocations=1215 (full 0):
 PSYoungGen      total 680960K, used 680161K [0x00000000d6180000, 0x0000000100000000, 0x0000000100000000)
  eden space 675328K, 99% used [0x00000000d6180000,0x00000000ff4de168,0x00000000ff500000)
  from space 5632K, 88% used [0x00000000ffa80000,0x00000000fff5a3f0,0x0000000100000000)
  to   space 5632K, 0% used [0x00000000ff500000,0x00000000ff500000,0x00000000ffa80000)
 ParOldGen       total 86016K, used 85954K [0x0000000082400000, 0x0000000087800000, 0x00000000d6180000)
  object space 86016K, 99% used [0x0000000082400000,0x00000000877f0a70,0x0000000087800000)
 Metaspace       used 5754K, capacity 5876K, committed 6016K, reserved 1056768K
  class space    used 732K, capacity 780K, committed 896K, reserved 1048576K
Event: 1541.707 GC heap after
Heap after GC invocations=1215 (full 0):
 PSYoungGen      total 680960K, used 5003K [0x00000000d6180000, 0x0000000100000000, 0x0000000100000000)
  eden space 675328K, 0% used [0x00000000d6180000,0x00000000d6180000,0x00000000ff500000)
  from space 5632K, 88% used [0x00000000ff500000,0x00000000ff9e2c70,0x00000000ffa80000)
  to   space 5632K, 0% used [0x00000000ffa80000,0x00000000ffa80000,0x0000000100000000)
 ParOldGen       total 86016K, used 85970K [0x0000000082400000, 0x0000000087800000, 0x00000000d6180000)
  object space 86016K, 99% used [0x0000000082400000,0x00000000877f4a70,0x0000000087800000)
 Metaspace       used 5754K, capacity 5876K, committed 6016K, reserved 1056768K
  class space    used 732K, capacity 780K, committed 896K, reserved 1048576K
}
Event: 1543.876 GC heap before
{Heap before GC invocations=1216 (full 0):
 PSYoungGen      total 680960K, used 678010K [0x00000000d6180000, 0x0000000100000000, 0x0000000100000000)
  eden space 675328K, 99% used [0x00000000d6180000,0x00000000ff2bbe50,0x00000000ff500000)
  from space 5632K, 88% used [0x00000000ff500000,0x00000000ff9e2c70,0x00000000ffa80000)
  to   space 5632K, 0% used [0x00000000ffa80000,0x00000000ffa80000,0x0000000100000000)
 ParOldGen       total 86016K, used 85970K [0x0000000082400000, 0x0000000087800000, 0x00000000d6180000)
  object space 86016K, 99% used [0x0000000082400000,0x00000000877f4a70,0x0000000087800000)
 Metaspace       used 5754K, capacity 5876K, committed 6016K, reserved 1056768K
  class space    used 732K, capacity 780K, committed 896K, reserved 1048576K
Event: 1543.920 GC heap after
Heap after GC invocations=1216 (full 0):
 PSYoungGen      total 680960K, used 4973K [0x00000000d6180000, 0x0000000100000000, 0x0000000100000000)
  eden space 675328K, 0% used [0x00000000d6180000,0x00000000d6180000,0x00000000ff500000)
  from space 5632K, 88% used [0x00000000ffa80000,0x00000000fff5b4f0,0x0000000100000000)
  to   space 5632K, 0% used [0x00000000ff500000,0x00000000ff500000,0x00000000ffa80000)
 ParOldGen       total 86016K, used 85986K [0x0000000082400000, 0x0000000087800000, 0x00000000d6180000)
  object space 86016K, 99% used [0x0000000082400000,0x00000000877f8a70,0x0000000087800000)
 Metaspace       used 5754K, capacity 5876K, committed 6016K, reserved 1056768K
  class space    used 732K, capacity 780K, committed 896K, reserved 1048576K
}
Event: 1545.878 GC heap before
{Heap before GC invocations=1217 (full 0):
 PSYoungGen      total 680960K, used 678264K [0x00000000d6180000, 0x0000000100000000, 0x0000000100000000)
  eden space 675328K, 99% used [0x00000000d6180000,0x00000000ff302d38,0x00000000ff500000)
  from space 5632K, 88% used [0x00000000ffa80000,0x00000000fff5b4f0,0x0000000100000000)
  to   space 5632K, 0% used [0x00000000ff500000,0x00000000ff500000,0x00000000ffa80000)
 ParOldGen       total 86016K, used 85986K [0x0000000082400000, 0x0000000087800000, 0x00000000d6180000)
  object space 86016K, 99% used [0x0000000082400000,0x00000000877f8a70,0x0000000087800000)
 Metaspace       used 5754K, capacity 5876K, committed 6016K, reserved 1056768K
  class space    used 732K, capacity 780K, committed 896K, reserved 1048576K
Event: 1545.961 GC heap after
Heap after GC invocations=1217 (full 0):
 PSYoungGen      total 680960K, used 5007K [0x00000000d6180000, 0x0000000100000000, 0x0000000100000000)
  eden space 675328K, 0% used [0x00000000d6180000,0x00000000d6180000,0x00000000ff500000)
  from space 5632K, 88% used [0x00000000ff500000,0x00000000ff9e3d70,0x00000000ffa80000)
  to   space 5632K, 0% used [0x00000000ffa80000,0x00000000ffa80000,0x0000000100000000)
 ParOldGen       total 86016K, used 86002K [0x0000000082400000, 0x0000000087800000, 0x00000000d6180000)
  object space 86016K, 99% used [0x0000000082400000,0x00000000877fca70,0x0000000087800000)
 Metaspace       used 5754K, capacity 5876K, committed 6016K, reserved 1056768K
  class space    used 732K, capacity 780K, committed 896K, reserved 1048576K
}
Event: 1546.048 GC heap before
{Heap before GC invocations=1218 (full 1):
 PSYoungGen      total 680960K, used 5007K [0x00000000d6180000, 0x0000000100000000, 0x0000000100000000)
  eden space 675328K, 0% used [0x00000000d6180000,0x00000000d6180000,0x00000000ff500000)
  from space 5632K, 88% used [0x00000000ff500000,0x00000000ff9e3d70,0x00000000ffa80000)
  to   space 5632K, 0% used [0x00000000ffa80000,0x00000000ffa80000,0x0000000100000000)
 ParOldGen       total 86016K, used 86002K [0x0000000082400000, 0x0000000087800000, 0x00000000d6180000)
  object space 86016K, 99% used [0x0000000082400000,0x00000000877fca70,0x0000000087800000)
 Metaspace       used 5754K, capacity 5876K, committed 6016K, reserved 1056768K
  class space    used 732K, capacity 780K, committed 896K, reserved 1048576K

Deoptimization events (5 events):
Event: 17.893 Thread 0x0000000002efd800 Uncommon trap: reason=predicate action=maybe_recompile pc=0x00000000030fdf24 method=java.util.AbstractCollection.toArray([Ljava/lang/Object;)[Ljava/lang/Object; @ 49
Event: 17.923 Thread 0x0000000002efd800 Uncommon trap: reason=array_check action=maybe_recompile pc=0x000000000310a9ec method=java.util.AbstractCollection.toArray([Ljava/lang/Object;)[Ljava/lang/Object; @ 119
Event: 17.924 Thread 0x0000000002efd800 Uncommon trap: reason=array_check action=maybe_recompile pc=0x000000000310a9ec method=java.util.AbstractCollection.toArray([Ljava/lang/Object;)[Ljava/lang/Object; @ 119
Event: 17.924 Thread 0x0000000002efd800 Uncommon trap: reason=array_check action=maybe_recompile pc=0x000000000310a9ec method=java.util.AbstractCollection.toArray([Ljava/lang/Object;)[Ljava/lang/Object; @ 119
Event: 17.924 Thread 0x0000000002efd800 Uncommon trap: reason=array_check action=maybe_recompile pc=0x000000000310a9ec method=java.util.AbstractCollection.toArray([Ljava/lang/Object;)[Ljava/lang/Object; @ 119

Internal exceptions (6 events):
Event: 0.192 Thread 0x0000000002efd800 Exception <a 'java/lang/NoSuchMethodError': Method sun.misc.Unsafe.defineClass(Ljava/lang/String;[BII)Ljava/lang/Class; name or signature does not match> (0x00000000d618d5f0) thrown at [C:\re\workspace\8-2-build-windows-amd64-cygwin\jdk8u45\3457\hotspot\srç¬cÝ.©È?
Event: 0.193 Thread 0x0000000002efd800 Exception <a 'java/lang/NoSuchMethodError': Method sun.misc.Unsafe.prefetchRead(Ljava/lang/Object;J)V name or signature does not match> (0x00000000d618d880) thrown at [C:\re\workspace\8-2-build-windows-amd64-cygwin\jdk8u45\3457\hotspot\src\share\vm\prims\jZXðbÖªë?
Event: 0.865 Thread 0x0000000002efd800 Exception <a 'java/security/PrivilegedActionException'> (0x00000000d63d4878) thrown at [C:\re\workspace\8-2-build-windows-amd64-cygwin\jdk8u45\3457\hotspot\src\share\vm\prims\jvm.cpp, line 1382]
Event: 0.865 Thread 0x0000000002efd800 Exception <a 'java/security/PrivilegedActionException'> (0x00000000d63d4bc0) thrown at [C:\re\workspace\8-2-build-windows-amd64-cygwin\jdk8u45\3457\hotspot\src\share\vm\prims\jvm.cpp, line 1382]
Event: 0.867 Thread 0x0000000002efd800 Exception <a 'java/security/PrivilegedActionException'> (0x00000000d63d89d8) thrown at [C:\re\workspace\8-2-build-windows-amd64-cygwin\jdk8u45\3457\hotspot\src\share\vm\prims\jvm.cpp, line 1382]
Event: 0.867 Thread 0x0000000002efd800 Exception <a 'java/security/PrivilegedActionException'> (0x00000000d63d8d20) thrown at [C:\re\workspace\8-2-build-windows-amd64-cygwin\jdk8u45\3457\hotspot\src\share\vm\prims\jvm.cpp, line 1382]

Events (10 events):
Event: 1535.494 Executing VM operation: ParallelGCFailedAllocation done
Event: 1537.459 Executing VM operation: ParallelGCFailedAllocation
Event: 1537.564 Executing VM operation: ParallelGCFailedAllocation done
Event: 1539.639 Executing VM operation: ParallelGCFailedAllocation
Event: 1539.710 Executing VM operation: ParallelGCFailedAllocation done
Event: 1541.633 Executing VM operation: ParallelGCFailedAllocation
Event: 1541.707 Executing VM operation: ParallelGCFailedAllocation done
Event: 1543.876 Executing VM operation: ParallelGCFailedAllocation
Event: 1543.920 Executing VM operation: ParallelGCFailedAllocation done
Event: 1545.878 Executing VM operation: ParallelGCFailedAllocation


Dynamic libraries:
0x00007ff6f6390000 - 0x00007ff6f63c7000 	C:\Program Files\Java\jre1.8.0_45\bin\javaw.exe
0x00007ffab1380000 - 0x00007ffab1551000 	C:\WINDOWS\SYSTEM32\ntdll.dll
0x00007ffaae920000 - 0x00007ffaae9cb000 	C:\WINDOWS\System32\KERNEL32.DLL
0x00007ffaada80000 - 0x00007ffaadc9d000 	C:\WINDOWS\System32\KERNELBASE.dll
0x00007ffab11e0000 - 0x00007ffab1282000 	C:\WINDOWS\System32\ADVAPI32.dll
0x00007ffab12e0000 - 0x00007ffab137e000 	C:\WINDOWS\System32\msvcrt.dll
0x00007ffab0970000 - 0x00007ffab09c9000 	C:\WINDOWS\System32\sechost.dll
0x00007ffab0b30000 - 0x00007ffab0c51000 	C:\WINDOWS\System32\RPCRT4.dll
0x00007ffab0240000 - 0x00007ffab03a5000 	C:\WINDOWS\System32\USER32.dll
0x00007ffaadca0000 - 0x00007ffaadcbe000 	C:\WINDOWS\System32\win32u.dll
0x00007ffab1290000 - 0x00007ffab12c4000 	C:\WINDOWS\System32\GDI32.dll
0x00007ffaad8f0000 - 0x00007ffaada72000 	C:\WINDOWS\System32\gdi32full.dll
0x00007ffaa5a60000 - 0x00007ffaa5cd9000 	C:\WINDOWS\WinSxS\amd64_microsoft.windows.common-controls_6595b64144ccf1df_6.0.14393.447_none_42191651c6827bb3\COMCTL32.dll
0x00007ffab0da0000 - 0x00007ffab1068000 	C:\WINDOWS\System32\combase.dll
0x00007ffaae620000 - 0x00007ffaae715000 	C:\WINDOWS\System32\ucrtbase.dll
0x00007ffaadcc0000 - 0x00007ffaadd2a000 	C:\WINDOWS\System32\bcryptPrimitives.dll
0x00007ffaae8f0000 - 0x00007ffaae91e000 	C:\WINDOWS\System32\IMM32.DLL
0x00007ffaad6d0000 - 0x00007ffaad700000 	C:\WINDOWS\system32\DriverStore\FileRepository\nvacwu.inf_amd64_bdd6ea477d4e2fba\nvinitx.dll
0x00007ffaad6c0000 - 0x00007ffaad6ca000 	C:\WINDOWS\SYSTEM32\VERSION.dll
0x00007ffaae9d0000 - 0x00007ffaafed9000 	C:\WINDOWS\System32\Shell32.dll
0x00007ffaade90000 - 0x00007ffaaded2000 	C:\WINDOWS\System32\cfgmgr32.dll
0x00007ffaadf40000 - 0x00007ffaae61a000 	C:\WINDOWS\System32\windows.storage.dll
0x00007ffaad7d0000 - 0x00007ffaad81c000 	C:\WINDOWS\System32\powrprof.dll
0x00007ffab0d40000 - 0x00007ffab0d92000 	C:\WINDOWS\System32\shlwapi.dll
0x00007ffaad7c0000 - 0x00007ffaad7cf000 	C:\WINDOWS\System32\kernel.appcore.dll
0x00007ffaadde0000 - 0x00007ffaade89000 	C:\WINDOWS\System32\shcore.dll
0x00007ffaad820000 - 0x00007ffaad834000 	C:\WINDOWS\System32\profapi.dll
0x0000000057c00000 - 0x0000000057c06000 	C:\Program Files\NVIDIA Corporation\CoProcManager\_etoured.dll
0x00007ffaad3c0000 - 0x00007ffaad3fb000 	C:\Program Files\NVIDIA Corporation\CoProcManager\nvd3d9wrapx.dll
0x00007ffab04c0000 - 0x00007ffab08e9000 	C:\WINDOWS\System32\SETUPAPI.dll
0x00007ffaad390000 - 0x00007ffaad3b4000 	C:\Program Files\NVIDIA Corporation\CoProcManager\nvdxgiwrapx.dll
0x00000000558a0000 - 0x0000000055972000 	C:\Program Files\Java\jre1.8.0_45\bin\msvcr100.dll
0x0000000055980000 - 0x0000000056203000 	C:\Program Files\Java\jre1.8.0_45\bin\server\jvm.dll
0x00007ffab11d0000 - 0x00007ffab11d8000 	C:\WINDOWS\System32\PSAPI.DLL
0x00007ffaa2e30000 - 0x00007ffaa2e39000 	C:\WINDOWS\SYSTEM32\WSOCK32.dll
0x00007ffab0c60000 - 0x00007ffab0cca000 	C:\WINDOWS\System32\WS2_32.dll
0x00007ffaab060000 - 0x00007ffaab083000 	C:\WINDOWS\SYSTEM32\WINMM.dll
0x00007ffaaaa10000 - 0x00007ffaaaa3b000 	C:\WINDOWS\SYSTEM32\WINMMBASE.dll
0x00000000573c0000 - 0x00000000573cf000 	C:\Program Files\Java\jre1.8.0_45\bin\verify.dll
0x0000000057390000 - 0x00000000573b9000 	C:\Program Files\Java\jre1.8.0_45\bin\java.dll
0x0000000057370000 - 0x0000000057386000 	C:\Program Files\Java\jre1.8.0_45\bin\zip.dll
0x00007ffaad190000 - 0x00007ffaad322000 	C:\WINDOWS\SYSTEM32\dbghelp.dll

VM Arguments:
jvm_args: -Dfile.encoding=UTF-8 -Xbootclasspath/p:C:\Program Files (x86)\eclipse\plugins\org.scala-lang.scala-library_2.11.8.v20160304-115712-1706a37eb8.jar;C:\Program Files (x86)\eclipse\plugins\org.scala-lang.scala-reflect_2.11.8.v20160304-115712-1706a37eb8.jar 
java_command: test
java_class_path (initial): C:\Users\Niina S\workspace\Nuottipiirturi\bin
Launcher Type: SUN_STANDARD

Environment Variables:
PATH=C:/Program Files/Java/jre1.8.0_45/bin/server;C:/Program Files/Java/jre1.8.0_45/bin;C:/Program Files/Java/jre1.8.0_45/lib/amd64;C:\Program Files (x86)\Common Files\Intel\Shared Libraries\redist\intel64\compiler;C:\Program Files (x86)\Common Files\Intel\Shared Libraries\redist\ia32\compiler;C:\ProgramData\Oracle\Java\javapath;C:\Ruby200\bin;C:\Program Files (x86)\NVIDIA Corporation\PhysX\Common;C:\Program Files\Common Files\Microsoft Shared\Windows Live;C:\Program Files (x86)\Common Files\Microsoft Shared\Windows Live;C:\WINDOWS\system32;C:\WINDOWS;C:\WINDOWS\System32\Wbem;C:\WINDOWS\System32\WindowsPowerShell\v1.0\;C:\Program Files (x86)\Windows Live\Shared;C:\Program Files (x86)\EgisTec MyWinLocker\x64;C:\Program Files (x86)\EgisTec MyWinLocker\;C:\Program Files (x86)\Skype\Phone\;C:\Program Files\Git\cmd;C:\Program Files (x86)\Common Files\Shoes;C:\Users\Niina S\AppData\Local\Microsoft\WindowsApps;;C:\Program Files (x86)\eclipse;
USERNAME=Niina S
OS=Windows_NT
PROCESSOR_IDENTIFIER=Intel64 Family 6 Model 42 Stepping 7, GenuineIntel



---------------  S Y S T E M  ---------------

OS: Windows 10.0 , 64 bit Build 14393 (10.0.14393.0)

CPU:total 4 (2 cores per cpu, 2 threads per core) family 6 model 42 stepping 7, cmov, cx8, fxsr, mmx, sse, sse2, sse3, ssse3, sse4.1, sse4.2, popcnt, avx, aes, clmul, ht, tsc, tscinvbit

Memory: 4k page, physical 8236908k(309472k free), swap 29208428k(16637456k free)

vm_info: Java HotSpot(TM) 64-Bit Server VM (25.45-b02) for windows-amd64 JRE (1.8.0_45-b14), built on Apr 10 2015 10:34:15 by "java_re" with MS VC++ 10.0 (VS2010)

time: Fri Mar 10 13:49:30 2017
elapsed time: 1551 seconds (0d 0h 25m 51s)

